*** Using Compiler 'V5.06 update 5 (build 528)', folder: 'D:\keil5\ARM\ARMCC\Bin'
Build target 'Turin'
compiling main.c...
..\Driver\Encoder.h(6): warning:  #1-D: last line of file ends without a newline
  #endif
..\System\Timer.h(4): warning:  #1-D: last line of file ends without a newline
  #endif
..\Driver\Motor.h(5): warning:  #1295-D: Deprecated declaration Motor_GPIO_Init - give arg types
  void Motor_GPIO_Init();
..\Driver\Motor.h(6): warning:  #1295-D: Deprecated declaration motor_gpio_init - give arg types
  void motor_gpio_init();
..\Driver\Motor.h(7): warning:  #1-D: last line of file ends without a newline
  #endif
..\Driver\Key.h(6): warning:  #1-D: last line of file ends without a newline
  #endif
..\Driver\PWM.H(4): warning:  #1-D: last line of file ends without a newline
  #endif
..\Driver\Serial.H(16): warning:  #1-D: last line of file ends without a newline
  #endif
..\Driver\MPU6050\MPU6050.H(17): warning:  #1-D: last line of file ends without a newline
  #endif
..\Driver\PID.h(5): warning:  #1295-D: Deprecated declaration Vertical_PID_Init - give arg types
  void Vertical_PID_Init();
..\Driver\PID.h(6): warning:  #1-D: last line of file ends without a newline
  #endif
..\Driver\MPU6050\I2C_.h(52): warning:  #1-D: last line of file ends without a newline
  #endif
main.c: 12 warnings, 0 errors
linking...
Program Size: Code=23272 RO-data=3736 RW-data=164 ZI-data=2124  
".\Objects\Project.axf" - 0 Error(s), 12 Warning(s).
Build Time Elapsed:  00:00:02
